<?xml version="1.0" encoding="UTF-8"?>
<!-- Generated by org.testng.reporters.JUnitReportReporter -->
<testsuite hostname="DESKTOP-E6A2IUB" failures="0" tests="1" name="package1.class1" time="33.538" errors="0" timestamp="2023-08-27T10:53:38 IST" skipped="0">
  <testcase classname="package1.class1" name="m1" time="33.538"/>
</testsuite> <!-- package1.class1 -->
